TN:
SF:myFizzBuzz.js
FN:1,myFizzBuzz
FNF:1
FNH:1
FNDA:5,myFizzBuzz
DA:2,5
DA:3,4
DA:4,3
DA:5,2
DA:6,1
DA:14,1
LF:6
LH:6
BRDA:2,0,0,1
BRDA:2,0,1,4
BRDA:3,1,0,1
BRDA:3,1,1,3
BRDA:3,2,0,4
BRDA:3,2,1,2
BRDA:4,3,0,1
BRDA:4,3,1,2
BRDA:5,4,0,1
BRDA:5,4,1,1
BRF:10
BRH:10
end_of_record
TN:
SF:remove-item-array.js
FN:1,myRemove
FNF:1
FNH:1
FNDA:3,myRemove
DA:2,3
DA:3,3
DA:4,12
DA:5,10
DA:8,3
DA:11,1
LF:6
LH:6
BRDA:4,0,0,10
BRDA:4,0,1,2
BRF:2
BRH:2
end_of_record
TN:
SF:sum.js
FN:1,sum
FNF:1
FNH:1
FNDA:4,sum
DA:2,4
DA:3,2
DA:6,2
DA:9,1
LF:4
LH:4
BRDA:2,0,0,2
BRDA:2,0,1,2
BRDA:2,1,0,4
BRDA:2,1,1,3
BRF:4
BRH:4
end_of_record
